app/build/intermediates/manifest_merge_blame_file/debug/manifest-merger-blame-debug-report.txt
1<?xml version="1.0" encoding="utf-8"?>
2<manifest xmlns:android="http://schemas.android.com/apk/res/android"
3    package="com.thesis.fixitadmin"
4    android:versionCode="1"
5    android:versionName="1.0" >
6
7    <uses-sdk
8        android:minSdkVersion="21"
8-->src\main\AndroidManifest.xml
9        android:targetSdkVersion="32" />
9-->src\main\AndroidManifest.xml
10
11    <uses-permission android:name="android.permission.READ_EXTERNAL_STORAGE" />
11-->src\main\AndroidManifest.xml:6:5-8:40
11-->src\main\AndroidManifest.xml:7:9-64
12    <uses-permission android:name="android.permission.WRITE_EXTERNAL_STORAGE" />
12-->src\main\AndroidManifest.xml:9:5-81
12-->src\main\AndroidManifest.xml:9:22-78
13    <uses-permission android:name="android.permission.INTERNET" />
13-->src\main\AndroidManifest.xml:10:5-67
13-->src\main\AndroidManifest.xml:10:22-64
14    <uses-permission android:name="android.permission.ACCESS_FINE_LOCATION" />
14-->src\main\AndroidManifest.xml:11:5-79
14-->src\main\AndroidManifest.xml:11:22-76
15    <uses-permission android:name="android.permission.ACCESS_COARSE_LOCATION" />
15-->src\main\AndroidManifest.xml:12:5-81
15-->src\main\AndroidManifest.xml:12:22-78
16    <uses-permission android:name="android.permission.READ_EXTERNAL_STORAGE" />
16-->src\main\AndroidManifest.xml:6:5-8:40
16-->src\main\AndroidManifest.xml:7:9-64
17    <uses-permission android:name="android.permission.ACCESS_NETWORK_STATE" />
17-->src\main\AndroidManifest.xml:14:5-79
17-->src\main\AndroidManifest.xml:14:22-76
18    <uses-permission android:name="android.permission.INTERNET" />
18-->src\main\AndroidManifest.xml:10:5-67
18-->src\main\AndroidManifest.xml:10:22-64
19    <uses-permission android:name="com.google.android.providers.gsf.permission.    READ_GSERVICES" />
19-->src\main\AndroidManifest.xml:16:5-102
19-->src\main\AndroidManifest.xml:16:22-99
20
21    <uses-feature
21-->src\main\AndroidManifest.xml:18:5-20:35
22        android:glEsVersion="0x00020000"
22-->src\main\AndroidManifest.xml:19:9-41
23        android:required="true" />
23-->src\main\AndroidManifest.xml:20:9-32
24
25    <queries>
25-->[com.google.firebase:firebase-inappmessaging-display:20.1.2] AndroidManifest.xml:14:5-20:15
26        <intent>
26-->[com.google.firebase:firebase-inappmessaging-display:20.1.2] AndroidManifest.xml:15:9-19:18
27            <action android:name="android.intent.action.VIEW" />
27-->[com.google.firebase:firebase-inappmessaging-display:20.1.2] AndroidManifest.xml:16:13-65
27-->[com.google.firebase:firebase-inappmessaging-display:20.1.2] AndroidManifest.xml:16:21-62
28
29            <data android:scheme="https" />
29-->src\main\AndroidManifest.xml:158:17-52
30        </intent>
31        <!-- Needs to be explicitly declared on Android R+ -->
32        <package android:name="com.google.android.apps.maps" /> <!-- For browser content -->
32-->[com.google.android.gms:play-services-maps:18.0.2] AndroidManifest.xml:33:9-64
32-->[com.google.android.gms:play-services-maps:18.0.2] AndroidManifest.xml:33:18-61
33        <intent>
33-->[com.google.android.gms:play-services-ads-lite:20.6.0] AndroidManifest.xml:31:9-37:18
34            <action android:name="android.intent.action.VIEW" />
34-->[com.google.firebase:firebase-inappmessaging-display:20.1.2] AndroidManifest.xml:16:13-65
34-->[com.google.firebase:firebase-inappmessaging-display:20.1.2] AndroidManifest.xml:16:21-62
35
36            <category android:name="android.intent.category.BROWSABLE" />
36-->[com.google.firebase:firebase-auth:21.0.3] AndroidManifest.xml:37:17-78
36-->[com.google.firebase:firebase-auth:21.0.3] AndroidManifest.xml:37:27-75
37
38            <data android:scheme="https" />
38-->src\main\AndroidManifest.xml:158:17-52
39        </intent> <!-- End of browser content -->
40        <!-- For CustomTabsService -->
41        <intent>
41-->[com.google.android.gms:play-services-ads-lite:20.6.0] AndroidManifest.xml:40:9-42:18
42            <action android:name="android.support.customtabs.action.CustomTabsService" />
42-->[com.google.android.gms:play-services-ads-lite:20.6.0] AndroidManifest.xml:41:13-90
42-->[com.google.android.gms:play-services-ads-lite:20.6.0] AndroidManifest.xml:41:21-87
43        </intent>
44    </queries>
45
46    <uses-permission android:name="android.permission.WAKE_LOCK" /> <!-- Required by older versions of Google Play services to create IID tokens -->
46-->[com.google.firebase:firebase-messaging:23.0.3] AndroidManifest.xml:26:5-68
46-->[com.google.firebase:firebase-messaging:23.0.3] AndroidManifest.xml:26:22-65
47    <uses-permission android:name="com.google.android.c2dm.permission.RECEIVE" />
47-->[com.google.firebase:firebase-messaging:23.0.3] AndroidManifest.xml:28:5-82
47-->[com.google.firebase:firebase-messaging:23.0.3] AndroidManifest.xml:28:22-79
48    <uses-permission android:name="com.google.android.gms.permission.AD_ID" />
48-->[com.google.android.gms:play-services-measurement-api:20.1.2] AndroidManifest.xml:25:5-79
48-->[com.google.android.gms:play-services-measurement-api:20.1.2] AndroidManifest.xml:25:22-76
49    <uses-permission android:name="com.google.android.finsky.permission.BIND_GET_INSTALL_REFERRER_SERVICE" />
49-->[com.google.android.gms:play-services-measurement:20.1.2] AndroidManifest.xml:26:5-110
49-->[com.google.android.gms:play-services-measurement:20.1.2] AndroidManifest.xml:26:22-107
50    <uses-permission android:name="android.permission.RECEIVE_BOOT_COMPLETED" />
50-->[androidx.work:work-runtime:2.7.0] AndroidManifest.xml:27:5-81
50-->[androidx.work:work-runtime:2.7.0] AndroidManifest.xml:27:22-78
51    <uses-permission android:name="android.permission.FOREGROUND_SERVICE" />
51-->[androidx.work:work-runtime:2.7.0] AndroidManifest.xml:28:5-77
51-->[androidx.work:work-runtime:2.7.0] AndroidManifest.xml:28:22-74
52
53    <application
53-->src\main\AndroidManifest.xml:22:5-307:19
54        android:name="com.thesis.fixitadmin.MyApplication"
54-->src\main\AndroidManifest.xml:23:9-38
55        android:allowBackup="true"
55-->src\main\AndroidManifest.xml:24:9-35
56        android:appComponentFactory="androidx.core.app.CoreComponentFactory"
56-->[androidx.core:core:1.7.0] AndroidManifest.xml:24:18-86
57        android:debuggable="true"
58        android:fullBackupContent="@xml/backup_descriptor"
58-->src\main\AndroidManifest.xml:25:9-59
59        android:hardwareAccelerated="true"
59-->src\main\AndroidManifest.xml:26:9-43
60        android:icon="@mipmap/app_logo"
60-->src\main\AndroidManifest.xml:27:9-40
61        android:label="@string/app_name"
61-->src\main\AndroidManifest.xml:28:9-41
62        android:largeHeap="true"
62-->src\main\AndroidManifest.xml:29:9-33
63        android:roundIcon="@mipmap/app_logo_round"
63-->src\main\AndroidManifest.xml:30:9-51
64        android:supportsRtl="true"
64-->src\main\AndroidManifest.xml:31:9-35
65        android:testOnly="true"
66        android:theme="@style/AppTheme" >
66-->src\main\AndroidManifest.xml:32:9-40
67        <activity
67-->src\main\AndroidManifest.xml:33:9-35:40
68            android:name="com.thesis.fixitadmin.chart.RoadActivity"
68-->src\main\AndroidManifest.xml:34:13-47
69            android:exported="false" />
69-->src\main\AndroidManifest.xml:35:13-37
70        <activity
70-->src\main\AndroidManifest.xml:36:9-38:40
71            android:name="com.thesis.fixitadmin.chart.PublicActivity"
71-->src\main\AndroidManifest.xml:37:13-49
72            android:exported="false" />
72-->src\main\AndroidManifest.xml:38:13-37
73        <activity
73-->src\main\AndroidManifest.xml:39:9-41:40
74            android:name="com.thesis.fixitadmin.chart.HomeActivity"
74-->src\main\AndroidManifest.xml:40:13-47
75            android:exported="false" />
75-->src\main\AndroidManifest.xml:41:13-37
76        <activity
76-->src\main\AndroidManifest.xml:42:9-44:40
77            android:name="com.thesis.fixitadmin.chart.ElectricActivity"
77-->src\main\AndroidManifest.xml:43:13-51
78            android:exported="false" />
78-->src\main\AndroidManifest.xml:44:13-37
79        <activity
79-->src\main\AndroidManifest.xml:45:9-47:40
80            android:name="com.thesis.fixitadmin.chart.EmergencyActivity"
80-->src\main\AndroidManifest.xml:46:13-52
81            android:exported="false" />
81-->src\main\AndroidManifest.xml:47:13-37
82        <activity
82-->src\main\AndroidManifest.xml:48:9-50:40
83            android:name="com.thesis.fixitadmin.chart.SingleBarChartActivity"
83-->src\main\AndroidManifest.xml:49:13-57
84            android:exported="false" />
84-->src\main\AndroidManifest.xml:50:13-37
85        <activity
85-->src\main\AndroidManifest.xml:51:9-53:40
86            android:name="com.thesis.fixitadmin.chart.PieActivity"
86-->src\main\AndroidManifest.xml:52:13-46
87            android:exported="false" />
87-->src\main\AndroidManifest.xml:53:13-37
88        <activity
88-->src\main\AndroidManifest.xml:54:9-56:40
89            android:name="com.thesis.fixitadmin.chart.GroupBarChartActivity"
89-->src\main\AndroidManifest.xml:55:13-56
90            android:exported="false" />
90-->src\main\AndroidManifest.xml:56:13-37
91        <activity
91-->src\main\AndroidManifest.xml:57:9-59:40
92            android:name="com.thesis.fixitadmin.chart.LineChart3Activity"
92-->src\main\AndroidManifest.xml:58:13-53
93            android:exported="false" />
93-->src\main\AndroidManifest.xml:59:13-37
94        <activity
94-->src\main\AndroidManifest.xml:60:9-62:40
95            android:name="com.thesis.fixitadmin.chart.LineChart2Activity"
95-->src\main\AndroidManifest.xml:61:13-53
96            android:exported="false" />
96-->src\main\AndroidManifest.xml:62:13-37
97        <activity
97-->src\main\AndroidManifest.xml:63:9-65:40
98            android:name="com.thesis.fixitadmin.chart.LineGraphActivity"
98-->src\main\AndroidManifest.xml:64:13-52
99            android:exported="false" />
99-->src\main\AndroidManifest.xml:65:13-37
100        <activity
100-->src\main\AndroidManifest.xml:66:9-68:40
101            android:name="com.thesis.fixitadmin.Statistics"
101-->src\main\AndroidManifest.xml:67:13-39
102            android:exported="false" />
102-->src\main\AndroidManifest.xml:68:13-37
103        <activity
103-->src\main\AndroidManifest.xml:69:9-71:40
104            android:name="com.thesis.fixitadmin.activity_analytics"
104-->src\main\AndroidManifest.xml:70:13-47
105            android:exported="false" />
105-->src\main\AndroidManifest.xml:71:13-37
106        <!--
107             TODO: Before you run your application, you need a Google Maps API key.
108
109             To get one, follow the directions here:
110
111                https://developers.google.com/maps/documentation/android-sdk/get-api-key
112
113             Once you have your API key (it starts with "AIza"), define a new property in your
114             project's local.properties file (e.g. MAPS_API_KEY=Aiza...), and replace the
115             "YOUR_API_KEY" string in this file with "${MAPS_API_KEY}".
116        -->
117        <meta-data
117-->src\main\AndroidManifest.xml:83:9-85:71
118            android:name="com.google.android.geo.API_KEY"
118-->src\main\AndroidManifest.xml:84:13-58
119            android:value="AIzaSyCSKZsgwlaMHJVRWZsh2AWaoUW_WSVSuwc" />
119-->src\main\AndroidManifest.xml:85:13-68
120
121        <activity android:name="com.thesis.fixitadmin.groupSettings.GUsernameActivity" />
121-->src\main\AndroidManifest.xml:87:9-69
121-->src\main\AndroidManifest.xml:87:19-66
122        <activity android:name="com.thesis.fixitadmin.groupSettings.GnameActivity" />
122-->src\main\AndroidManifest.xml:88:9-65
122-->src\main\AndroidManifest.xml:88:19-62
123        <activity android:name="com.thesis.fixitadmin.groupSettings.gLinkActivity" />
123-->src\main\AndroidManifest.xml:89:9-65
123-->src\main\AndroidManifest.xml:89:19-62
124        <activity android:name="com.thesis.fixitadmin.groupSettings.GbioActivity" />
124-->src\main\AndroidManifest.xml:90:9-64
124-->src\main\AndroidManifest.xml:90:19-61
125        <activity android:name="com.thesis.fixitadmin.settings.UsernameActivity" />
125-->src\main\AndroidManifest.xml:91:9-63
125-->src\main\AndroidManifest.xml:91:19-60
126        <activity android:name="com.thesis.fixitadmin.notifications.NotificationScreen" />
126-->src\main\AndroidManifest.xml:92:9-70
126-->src\main\AndroidManifest.xml:92:19-67
127        <activity android:name="com.thesis.fixitadmin.settings.NameActivity" />
127-->src\main\AndroidManifest.xml:93:9-59
127-->src\main\AndroidManifest.xml:93:19-56
128        <activity android:name="com.thesis.fixitadmin.settings.LocationActivity" />
128-->src\main\AndroidManifest.xml:94:9-63
128-->src\main\AndroidManifest.xml:94:19-60
129        <activity android:name="com.thesis.fixitadmin.settings.LinkActivity" />
129-->src\main\AndroidManifest.xml:95:9-59
129-->src\main\AndroidManifest.xml:95:19-56
130        <activity android:name="com.thesis.fixitadmin.settings.BioActivity" />
130-->src\main\AndroidManifest.xml:96:9-58
130-->src\main\AndroidManifest.xml:96:19-55
131        <activity android:name="com.thesis.fixitadmin.Check" />
131-->src\main\AndroidManifest.xml:97:9-43
131-->src\main\AndroidManifest.xml:97:19-40
132        <activity
132-->src\main\AndroidManifest.xml:98:9-101:54
133            android:name="com.thesis.fixitadmin.menu.ChangeEmail"
133-->src\main\AndroidManifest.xml:99:13-45
134            android:configChanges="orientation"
134-->src\main\AndroidManifest.xml:100:13-48
135            android:screenOrientation="fullSensor" />
135-->src\main\AndroidManifest.xml:101:13-51
136        <activity
136-->src\main\AndroidManifest.xml:102:9-105:54
137            android:name="com.thesis.fixitadmin.menu.ChangePassword"
137-->src\main\AndroidManifest.xml:103:13-48
138            android:configChanges="orientation"
138-->src\main\AndroidManifest.xml:104:13-48
139            android:screenOrientation="fullSensor" />
139-->src\main\AndroidManifest.xml:105:13-51
140        <activity
140-->src\main\AndroidManifest.xml:106:9-109:54
141            android:name="com.thesis.fixitadmin.menu.Policy"
141-->src\main\AndroidManifest.xml:107:13-40
142            android:configChanges="orientation"
142-->src\main\AndroidManifest.xml:108:13-48
143            android:screenOrientation="fullSensor" />
143-->src\main\AndroidManifest.xml:109:13-51
144        <activity
144-->src\main\AndroidManifest.xml:110:9-113:54
145            android:name="com.thesis.fixitadmin.post.Post"
145-->src\main\AndroidManifest.xml:111:13-38
146            android:configChanges="orientation"
146-->src\main\AndroidManifest.xml:112:13-48
147            android:screenOrientation="fullSensor" />
147-->src\main\AndroidManifest.xml:113:13-51
148        <activity android:name="com.thesis.fixitadmin.user.MediaView" />
148-->src\main\AndroidManifest.xml:114:9-52
148-->src\main\AndroidManifest.xml:114:19-49
149        <activity
149-->src\main\AndroidManifest.xml:115:9-118:54
150            android:name="com.thesis.fixitadmin.menu.Saved"
150-->src\main\AndroidManifest.xml:116:13-39
151            android:configChanges="orientation"
151-->src\main\AndroidManifest.xml:117:13-48
152            android:screenOrientation="fullSensor" />
152-->src\main\AndroidManifest.xml:118:13-51
153        <activity
153-->src\main\AndroidManifest.xml:119:9-122:54
154            android:name="com.thesis.fixitadmin.groupSettings.EditGroup"
154-->src\main\AndroidManifest.xml:120:13-52
155            android:configChanges="orientation"
155-->src\main\AndroidManifest.xml:121:13-48
156            android:screenOrientation="fullSensor" />
156-->src\main\AndroidManifest.xml:122:13-51
157        <activity
157-->src\main\AndroidManifest.xml:123:9-126:54
158            android:name="com.thesis.fixitadmin.groups.GroupProfile"
158-->src\main\AndroidManifest.xml:124:13-48
159            android:configChanges="orientation"
159-->src\main\AndroidManifest.xml:125:13-48
160            android:screenOrientation="fullSensor" />
160-->src\main\AndroidManifest.xml:126:13-51
161        <activity
161-->src\main\AndroidManifest.xml:127:9-130:54
162            android:name="com.thesis.fixitadmin.groups.AddParticipants"
162-->src\main\AndroidManifest.xml:128:13-51
163            android:configChanges="orientation"
163-->src\main\AndroidManifest.xml:129:13-48
164            android:screenOrientation="fullSensor" />
164-->src\main\AndroidManifest.xml:130:13-51
165        <activity
165-->src\main\AndroidManifest.xml:131:9-134:54
166            android:name="com.thesis.fixitadmin.groups.GroupChat"
166-->src\main\AndroidManifest.xml:132:13-45
167            android:configChanges="orientation"
167-->src\main\AndroidManifest.xml:133:13-48
168            android:screenOrientation="fullSensor" />
168-->src\main\AndroidManifest.xml:134:13-51
169        <activity
169-->src\main\AndroidManifest.xml:135:9-138:54
170            android:name="com.thesis.fixitadmin.groups.CreateGroup"
170-->src\main\AndroidManifest.xml:136:13-47
171            android:configChanges="orientation"
171-->src\main\AndroidManifest.xml:137:13-48
172            android:screenOrientation="fullSensor" />
172-->src\main\AndroidManifest.xml:138:13-51
173        <activity
173-->src\main\AndroidManifest.xml:139:9-142:54
174            android:name="com.thesis.fixitadmin.groups.ShareGroupActivity"
174-->src\main\AndroidManifest.xml:140:13-54
175            android:configChanges="orientation"
175-->src\main\AndroidManifest.xml:141:13-48
176            android:screenOrientation="fullSensor" />
176-->src\main\AndroidManifest.xml:142:13-51
177        <activity
177-->src\main\AndroidManifest.xml:143:9-146:54
178            android:name="com.thesis.fixitadmin.post.PostLikedBy"
178-->src\main\AndroidManifest.xml:144:13-45
179            android:configChanges="orientation"
179-->src\main\AndroidManifest.xml:145:13-48
180            android:screenOrientation="fullSensor" />
180-->src\main\AndroidManifest.xml:146:13-51
181        <activity
181-->src\main\AndroidManifest.xml:147:9-174:20
182            android:name="com.thesis.fixitadmin.shareChat.ShareChatActivity"
182-->src\main\AndroidManifest.xml:148:13-56
183            android:configChanges="orientation"
183-->src\main\AndroidManifest.xml:149:13-48
184            android:exported="true"
184-->src\main\AndroidManifest.xml:150:13-36
185            android:label="Add to chat"
185-->src\main\AndroidManifest.xml:151:13-40
186            android:screenOrientation="fullSensor" >
186-->src\main\AndroidManifest.xml:152:13-51
187            <intent-filter>
187-->src\main\AndroidManifest.xml:153:13-159:29
188                <action android:name="android.intent.action.SEND" />
188-->src\main\AndroidManifest.xml:154:17-69
188-->src\main\AndroidManifest.xml:154:25-66
189
190                <category android:name="android.intent.category.DEFAULT" />
190-->src\main\AndroidManifest.xml:156:17-76
190-->src\main\AndroidManifest.xml:156:27-73
191
192                <data android:mimeType="image/*" />
192-->src\main\AndroidManifest.xml:158:17-52
192-->src\main\AndroidManifest.xml:158:23-49
193            </intent-filter>
194            <intent-filter>
194-->src\main\AndroidManifest.xml:160:13-166:29
195                <action android:name="android.intent.action.SEND" />
195-->src\main\AndroidManifest.xml:154:17-69
195-->src\main\AndroidManifest.xml:154:25-66
196
197                <category android:name="android.intent.category.DEFAULT" />
197-->src\main\AndroidManifest.xml:156:17-76
197-->src\main\AndroidManifest.xml:156:27-73
198
199                <data android:mimeType="text/plain" />
199-->src\main\AndroidManifest.xml:158:17-52
199-->src\main\AndroidManifest.xml:158:23-49
200            </intent-filter>
201            <intent-filter>
201-->src\main\AndroidManifest.xml:167:13-173:29
202                <action android:name="android.intent.action.SEND" />
202-->src\main\AndroidManifest.xml:154:17-69
202-->src\main\AndroidManifest.xml:154:25-66
203
204                <category android:name="android.intent.category.DEFAULT" />
204-->src\main\AndroidManifest.xml:156:17-76
204-->src\main\AndroidManifest.xml:156:27-73
205
206                <data android:mimeType="video/*" />
206-->src\main\AndroidManifest.xml:158:17-52
206-->src\main\AndroidManifest.xml:158:23-49
207            </intent-filter>
208        </activity>
209        <activity
209-->src\main\AndroidManifest.xml:175:9-178:54
210            android:name="com.thesis.fixitadmin.shareChat.ShareActivity"
210-->src\main\AndroidManifest.xml:176:13-52
211            android:configChanges="orientation"
211-->src\main\AndroidManifest.xml:177:13-48
212            android:screenOrientation="fullSensor" />
212-->src\main\AndroidManifest.xml:178:13-51
213        <activity
213-->src\main\AndroidManifest.xml:179:9-182:54
214            android:name="com.thesis.fixitadmin.user.MyFollowing"
214-->src\main\AndroidManifest.xml:180:13-45
215            android:configChanges="orientation"
215-->src\main\AndroidManifest.xml:181:13-48
216            android:screenOrientation="fullSensor" />
216-->src\main\AndroidManifest.xml:182:13-51
217        <activity
217-->src\main\AndroidManifest.xml:183:9-186:54
218            android:name="com.thesis.fixitadmin.post.PostDetails"
218-->src\main\AndroidManifest.xml:184:13-45
219            android:configChanges="orientation"
219-->src\main\AndroidManifest.xml:185:13-48
220            android:screenOrientation="fullSensor" />
220-->src\main\AndroidManifest.xml:186:13-51
221        <activity
221-->src\main\AndroidManifest.xml:187:9-190:54
222            android:name="com.thesis.fixitadmin.post.UpdatePost"
222-->src\main\AndroidManifest.xml:188:13-44
223            android:configChanges="orientation"
223-->src\main\AndroidManifest.xml:189:13-48
224            android:screenOrientation="fullSensor" />
224-->src\main\AndroidManifest.xml:190:13-51
225        <activity
225-->src\main\AndroidManifest.xml:191:9-194:54
226            android:name="com.thesis.fixitadmin.user.FollowersList"
226-->src\main\AndroidManifest.xml:192:13-47
227            android:configChanges="orientation"
227-->src\main\AndroidManifest.xml:193:13-48
228            android:screenOrientation="fullSensor" />
228-->src\main\AndroidManifest.xml:194:13-51
229        <activity
229-->src\main\AndroidManifest.xml:195:9-198:54
230            android:name="com.thesis.fixitadmin.user.UserProfile"
230-->src\main\AndroidManifest.xml:196:13-45
231            android:configChanges="orientation"
231-->src\main\AndroidManifest.xml:197:13-48
232            android:screenOrientation="fullSensor" />
232-->src\main\AndroidManifest.xml:198:13-51
233        <activity
233-->src\main\AndroidManifest.xml:199:9-202:54
234            android:name="com.thesis.fixitadmin.search.Search"
234-->src\main\AndroidManifest.xml:200:13-42
235            android:configChanges="orientation"
235-->src\main\AndroidManifest.xml:201:13-48
236            android:screenOrientation="fullSensor" />
236-->src\main\AndroidManifest.xml:202:13-51
237        <activity
237-->src\main\AndroidManifest.xml:203:9-206:54
238            android:name="com.thesis.fixitadmin.shareChat.Chat"
238-->src\main\AndroidManifest.xml:204:13-43
239            android:configChanges="orientation"
239-->src\main\AndroidManifest.xml:205:13-48
240            android:screenOrientation="fullSensor" />
240-->src\main\AndroidManifest.xml:206:13-51
241        <activity
241-->src\main\AndroidManifest.xml:207:9-210:54
242            android:name="com.thesis.fixitadmin.menu.Menu"
242-->src\main\AndroidManifest.xml:208:13-38
243            android:configChanges="orientation"
243-->src\main\AndroidManifest.xml:209:13-48
244            android:screenOrientation="fullSensor" />
244-->src\main\AndroidManifest.xml:210:13-51
245        <activity
245-->src\main\AndroidManifest.xml:211:9-214:54
246            android:name="com.thesis.fixitadmin.search.ProfileSearch"
246-->src\main\AndroidManifest.xml:212:13-49
247            android:configChanges="orientation"
247-->src\main\AndroidManifest.xml:213:13-48
248            android:screenOrientation="fullSensor" />
248-->src\main\AndroidManifest.xml:214:13-51
249        <activity
249-->src\main\AndroidManifest.xml:215:9-218:54
250            android:name="com.thesis.fixitadmin.settings.EditProfile"
250-->src\main\AndroidManifest.xml:216:13-49
251            android:configChanges="orientation"
251-->src\main\AndroidManifest.xml:217:13-48
252            android:screenOrientation="fullSensor" />
252-->src\main\AndroidManifest.xml:218:13-51
253        <activity
253-->src\main\AndroidManifest.xml:219:9-223:48
254            android:name="com.thesis.fixitadmin.authPhone.Final"
254-->src\main\AndroidManifest.xml:220:13-44
255            android:configChanges="orientation"
255-->src\main\AndroidManifest.xml:221:13-48
256            android:screenOrientation="fullSensor"
256-->src\main\AndroidManifest.xml:222:13-51
257            android:theme="@style/AuthTheme" />
257-->src\main\AndroidManifest.xml:223:13-45
258        <activity
258-->src\main\AndroidManifest.xml:224:9-228:48
259            android:name="com.thesis.fixitadmin.authPhone.VerifyOTP"
259-->src\main\AndroidManifest.xml:225:13-48
260            android:configChanges="orientation"
260-->src\main\AndroidManifest.xml:226:13-48
261            android:screenOrientation="fullSensor"
261-->src\main\AndroidManifest.xml:227:13-51
262            android:theme="@style/AuthTheme" />
262-->src\main\AndroidManifest.xml:228:13-45
263        <activity
263-->src\main\AndroidManifest.xml:229:9-233:48
264            android:name="com.thesis.fixitadmin.authPhone.GenerateOTP"
264-->src\main\AndroidManifest.xml:230:13-50
265            android:configChanges="orientation"
265-->src\main\AndroidManifest.xml:231:13-48
266            android:screenOrientation="fullSensor"
266-->src\main\AndroidManifest.xml:232:13-51
267            android:theme="@style/AuthTheme" />
267-->src\main\AndroidManifest.xml:233:13-45
268        <activity
268-->src\main\AndroidManifest.xml:234:9-238:48
269            android:name="com.thesis.fixitadmin.authEmail.ForgotPassword"
269-->src\main\AndroidManifest.xml:235:13-53
270            android:configChanges="orientation"
270-->src\main\AndroidManifest.xml:236:13-48
271            android:screenOrientation="fullSensor"
271-->src\main\AndroidManifest.xml:237:13-51
272            android:theme="@style/AuthTheme" />
272-->src\main\AndroidManifest.xml:238:13-45
273        <activity
273-->src\main\AndroidManifest.xml:239:9-243:48
274            android:name="com.thesis.fixitadmin.authEmail.Finish"
274-->src\main\AndroidManifest.xml:240:13-45
275            android:configChanges="orientation"
275-->src\main\AndroidManifest.xml:241:13-48
276            android:screenOrientation="fullSensor"
276-->src\main\AndroidManifest.xml:242:13-51
277            android:theme="@style/AuthTheme" />
277-->src\main\AndroidManifest.xml:243:13-45
278        <activity
278-->src\main\AndroidManifest.xml:244:9-248:48
279            android:name="com.thesis.fixitadmin.authEmail.SignUp"
279-->src\main\AndroidManifest.xml:245:13-45
280            android:configChanges="orientation"
280-->src\main\AndroidManifest.xml:246:13-48
281            android:screenOrientation="fullSensor"
281-->src\main\AndroidManifest.xml:247:13-51
282            android:theme="@style/AuthTheme" />
282-->src\main\AndroidManifest.xml:248:13-45
283        <activity
283-->src\main\AndroidManifest.xml:249:9-253:48
284            android:name="com.thesis.fixitadmin.authEmail.SignIn"
284-->src\main\AndroidManifest.xml:250:13-45
285            android:configChanges="orientation"
285-->src\main\AndroidManifest.xml:251:13-48
286            android:screenOrientation="fullSensor"
286-->src\main\AndroidManifest.xml:252:13-51
287            android:theme="@style/AuthTheme" />
287-->src\main\AndroidManifest.xml:253:13-45
288        <activity
288-->src\main\AndroidManifest.xml:254:9-258:48
289            android:name="com.thesis.fixitadmin.welcome.IntroLast"
289-->src\main\AndroidManifest.xml:255:13-46
290            android:configChanges="orientation"
290-->src\main\AndroidManifest.xml:256:13-48
291            android:screenOrientation="fullSensor"
291-->src\main\AndroidManifest.xml:257:13-51
292            android:theme="@style/AuthTheme" />
292-->src\main\AndroidManifest.xml:258:13-45
293        <activity
293-->src\main\AndroidManifest.xml:259:9-263:48
294            android:name="com.thesis.fixitadmin.welcome.IntroActivity"
294-->src\main\AndroidManifest.xml:260:13-50
295            android:configChanges="orientation"
295-->src\main\AndroidManifest.xml:261:13-48
296            android:screenOrientation="fullSensor"
296-->src\main\AndroidManifest.xml:262:13-51
297            android:theme="@style/AuthTheme" />
297-->src\main\AndroidManifest.xml:263:13-45
298        <activity
298-->src\main\AndroidManifest.xml:264:9-275:20
299            android:name="com.thesis.fixitadmin.welcome.SplashScreen"
299-->src\main\AndroidManifest.xml:265:13-49
300            android:configChanges="orientation"
300-->src\main\AndroidManifest.xml:266:13-48
301            android:exported="true"
301-->src\main\AndroidManifest.xml:267:13-36
302            android:screenOrientation="fullSensor"
302-->src\main\AndroidManifest.xml:268:13-51
303            android:theme="@style/AuthTheme" >
303-->src\main\AndroidManifest.xml:269:13-45
304            <intent-filter>
304-->src\main\AndroidManifest.xml:270:13-274:29
305                <action android:name="android.intent.action.MAIN" />
305-->src\main\AndroidManifest.xml:271:17-69
305-->src\main\AndroidManifest.xml:271:25-66
306
307                <category android:name="android.intent.category.LAUNCHER" />
307-->src\main\AndroidManifest.xml:273:17-77
307-->src\main\AndroidManifest.xml:273:27-74
308            </intent-filter>
309        </activity>
310        <activity
310-->src\main\AndroidManifest.xml:276:9-279:54
311            android:name="com.thesis.fixitadmin.MainActivity"
311-->src\main\AndroidManifest.xml:277:13-41